<?xml version="1.0" encoding="UTF-8" ?>
<testsuite tests="13" failures="0" name="com.spring.aop.AopTest" time="0.862" errors="1" skipped="0">
  <properties>
    <property name="java.runtime.name" value="Java(TM) SE Runtime Environment"/>
    <property name="sun.boot.library.path" value="D:\jdk1.8.0_92\jre\bin"/>
    <property name="java.vm.version" value="25.92-b14"/>
    <property name="java.vm.vendor" value="Oracle Corporation"/>
    <property name="maven.multiModuleProjectDirectory" value="D:\Intellij\JavaStudy\Spring1"/>
    <property name="java.vendor.url" value="http://java.oracle.com/"/>
    <property name="path.separator" value=";"/>
    <property name="guice.disable.misplaced.annotation.check" value="true"/>
    <property name="java.vm.name" value="Java HotSpot(TM) 64-Bit Server VM"/>
    <property name="file.encoding.pkg" value="sun.io"/>
    <property name="user.script" value=""/>
    <property name="user.country" value="CN"/>
    <property name="sun.java.launcher" value="SUN_STANDARD"/>
    <property name="sun.os.patch.level" value="Service Pack 1"/>
    <property name="java.vm.specification.name" value="Java Virtual Machine Specification"/>
    <property name="user.dir" value="D:\Intellij\JavaStudy\Spring1"/>
    <property name="java.runtime.version" value="1.8.0_92-b14"/>
    <property name="java.awt.graphicsenv" value="sun.awt.Win32GraphicsEnvironment"/>
    <property name="java.endorsed.dirs" value="D:\jdk1.8.0_92\jre\lib\endorsed"/>
    <property name="os.arch" value="amd64"/>
    <property name="java.io.tmpdir" value="C:\Users\ADMINI~1\AppData\Local\Temp\"/>
    <property name="line.separator" value="
"/>
    <property name="java.vm.specification.vendor" value="Oracle Corporation"/>
    <property name="user.variant" value=""/>
    <property name="os.name" value="Windows 7"/>
    <property name="classworlds.conf" value="E:\apache\apache-maven-3.3.9\bin\..\bin\m2.conf"/>
    <property name="sun.jnu.encoding" value="GBK"/>
    <property name="java.library.path" value="D:\jdk1.8.0_92\bin;C:\Windows\Sun\Java\bin;C:\Windows\system32;C:\Windows;D:\jdk1.8.0_92\bin;C:\ProgramData\Oracle\Java\javapath;C:\Windows\system32;C:\Windows;C:\Windows\System32\Wbem;C:\Windows\System32\WindowsPowerShell\v1.0\;E:\Android\sdk\platform-tools;C:\Program Files (x86)\Microsoft SQL Server\100\Tools\Binn\;C:\Program Files\Microsoft SQL Server\100\Tools\Binn\;C:\Program Files\Microsoft SQL Server\100\DTS\Binn\;C:\Program Files (x86)\GtkSharp\2.12\bin;E:\Python27;C:\Program Files\Microsoft SQL Server\130\Tools\Binn\;E:\scala\bin;D:\Scala\atomic-scala-examples-master\examples;E:\apache\apache-ant-1.9.6\bin;D:\thrift;E:\Python3.6.1;E:\Python3.6.1\Scripts;E:\MySql\bin;E:\apache\apache-maven-3.3.9\bin;E:\spring-1.3.0.BUILD-SNAPSHOT\bin;E:\gradle-4.5.1\bin;E:\Python3.6.1\Scripts\;E:\Python3.6.1\;D:\Cocos2d\cocos2d-x-3.13.1\templates;D:\Cocos2d\cocos2d-x-3.13.1\tools\cocos2d-console\bin;E:\Microsoft VS Code\bin;C:\Users\Administrator\AppData\Local\Programs\Fiddler;."/>
    <property name="java.specification.name" value="Java Platform API Specification"/>
    <property name="java.class.version" value="52.0"/>
    <property name="sun.management.compiler" value="HotSpot 64-Bit Tiered Compilers"/>
    <property name="os.version" value="6.1"/>
    <property name="user.home" value="C:\Users\Administrator"/>
    <property name="user.timezone" value="Asia/Shanghai"/>
    <property name="java.awt.printerjob" value="sun.awt.windows.WPrinterJob"/>
    <property name="java.specification.version" value="1.8"/>
    <property name="file.encoding" value="GBK"/>
    <property name="user.name" value="Administrator"/>
    <property name="java.class.path" value="E:\apache\apache-maven-3.3.9\bin\..\boot\plexus-classworlds-2.5.2.jar"/>
    <property name="java.vm.specification.version" value="1.8"/>
    <property name="sun.arch.data.model" value="64"/>
    <property name="java.home" value="D:\jdk1.8.0_92\jre"/>
    <property name="sun.java.command" value="org.codehaus.plexus.classworlds.launcher.Launcher clean install"/>
    <property name="java.specification.vendor" value="Oracle Corporation"/>
    <property name="user.language" value="zh"/>
    <property name="awt.toolkit" value="sun.awt.windows.WToolkit"/>
    <property name="java.vm.info" value="mixed mode"/>
    <property name="java.version" value="1.8.0_92"/>
    <property name="java.ext.dirs" value="D:\jdk1.8.0_92\jre\lib\ext;C:\Windows\Sun\Java\lib\ext"/>
    <property name="sun.boot.class.path" value="D:\jdk1.8.0_92\jre\lib\resources.jar;D:\jdk1.8.0_92\jre\lib\rt.jar;D:\jdk1.8.0_92\jre\lib\sunrsasign.jar;D:\jdk1.8.0_92\jre\lib\jsse.jar;D:\jdk1.8.0_92\jre\lib\jce.jar;D:\jdk1.8.0_92\jre\lib\charsets.jar;D:\jdk1.8.0_92\jre\lib\jfr.jar;D:\jdk1.8.0_92\jre\classes"/>
    <property name="sun.stderr.encoding" value="ms936"/>
    <property name="java.vendor" value="Oracle Corporation"/>
    <property name="maven.home" value="E:\apache\apache-maven-3.3.9\bin\.."/>
    <property name="file.separator" value="\"/>
    <property name="java.vendor.url.bug" value="http://bugreport.sun.com/bugreport/"/>
    <property name="sun.cpu.endian" value="little"/>
    <property name="sun.io.unicode.encoding" value="UnicodeLittle"/>
    <property name="sun.stdout.encoding" value="ms936"/>
    <property name="sun.desktop" value="windows"/>
    <property name="sun.cpu.isalist" value="amd64"/>
  </properties>
  <testcase classname="com.spring.aop.AopTest" name="testAnnotationAfterReturningAdvice" time="0.074"/>
  <testcase classname="com.spring.aop.AopTest" name="testAnnotationIntroduction" time="0.035">
    <error message="Bean named &apos;helloWorldService&apos; is expected to be of type &apos;com.spring.aop.service.IIntroductionService&apos; but was actually of type &apos;com.spring.aop.service.impl.HelloWorldService&apos;" type="org.springframework.beans.factory.BeanNotOfRequiredTypeException">org.springframework.beans.factory.BeanNotOfRequiredTypeException: Bean named &apos;helloWorldService&apos; is expected to be of type &apos;com.spring.aop.service.IIntroductionService&apos; but was actually of type &apos;com.spring.aop.service.impl.HelloWorldService&apos;
	at org.springframework.beans.factory.support.AbstractBeanFactory.doGetBean(AbstractBeanFactory.java:384)
	at org.springframework.beans.factory.support.AbstractBeanFactory.getBean(AbstractBeanFactory.java:205)
	at org.springframework.context.support.AbstractApplicationContext.getBean(AbstractApplicationContext.java:1091)
	at com.spring.aop.AopTest.testAnnotationIntroduction(AopTest.java:125)
	at sun.reflect.NativeMethodAccessorImpl.invoke0(Native Method)
	at sun.reflect.NativeMethodAccessorImpl.invoke(NativeMethodAccessorImpl.java:62)
	at sun.reflect.DelegatingMethodAccessorImpl.invoke(DelegatingMethodAccessorImpl.java:43)
	at java.lang.reflect.Method.invoke(Method.java:498)
	at org.junit.runners.model.FrameworkMethod$1.runReflectiveCall(FrameworkMethod.java:50)
	at org.junit.internal.runners.model.ReflectiveCallable.run(ReflectiveCallable.java:12)
	at org.junit.runners.model.FrameworkMethod.invokeExplosively(FrameworkMethod.java:47)
	at org.junit.internal.runners.statements.InvokeMethod.evaluate(InvokeMethod.java:17)
	at org.junit.runners.ParentRunner.runLeaf(ParentRunner.java:325)
	at org.junit.runners.BlockJUnit4ClassRunner.runChild(BlockJUnit4ClassRunner.java:78)
	at org.junit.runners.BlockJUnit4ClassRunner.runChild(BlockJUnit4ClassRunner.java:57)
	at org.junit.runners.ParentRunner$3.run(ParentRunner.java:290)
	at org.junit.runners.ParentRunner$1.schedule(ParentRunner.java:71)
	at org.junit.runners.ParentRunner.runChildren(ParentRunner.java:288)
	at org.junit.runners.ParentRunner.access$000(ParentRunner.java:58)
	at org.junit.runners.ParentRunner$2.evaluate(ParentRunner.java:268)
	at org.junit.runners.ParentRunner.run(ParentRunner.java:363)
	at org.apache.maven.surefire.junit4.JUnit4Provider.execute(JUnit4Provider.java:252)
	at org.apache.maven.surefire.junit4.JUnit4Provider.executeTestSet(JUnit4Provider.java:141)
	at org.apache.maven.surefire.junit4.JUnit4Provider.invoke(JUnit4Provider.java:112)
	at sun.reflect.NativeMethodAccessorImpl.invoke0(Native Method)
	at sun.reflect.NativeMethodAccessorImpl.invoke(NativeMethodAccessorImpl.java:62)
	at sun.reflect.DelegatingMethodAccessorImpl.invoke(DelegatingMethodAccessorImpl.java:43)
	at java.lang.reflect.Method.invoke(Method.java:498)
	at org.apache.maven.surefire.util.ReflectionUtils.invokeMethodWithArray(ReflectionUtils.java:189)
	at org.apache.maven.surefire.booter.ProviderFactory$ProviderProxy.invoke(ProviderFactory.java:165)
	at org.apache.maven.surefire.booter.ProviderFactory.invokeProvider(ProviderFactory.java:85)
	at org.apache.maven.surefire.booter.ForkedBooter.runSuitesInProcess(ForkedBooter.java:115)
	at org.apache.maven.surefire.booter.ForkedBooter.main(ForkedBooter.java:75)
</error>
    <system-out>======================================
18:30:08:682 main INFO org.springframework.context.support.AbstractApplicationContext.prepareRefresh(589) Refreshing org.springframework.context.support.ClassPathXmlApplicationContext@6302bbb1: startup date [Tue Aug 28 18:30:08 CST 2018]; root of context hierarchy
18:30:08:683 main INFO org.springframework.beans.factory.xml.XmlBeanDefinitionReader.loadBeanDefinitions(316) Loading XML bean definitions from class path resource [aop/advice2.xml]
</system-out>
  </testcase>
  <testcase classname="com.spring.aop.AopTest" name="testSchemaBeforeAdvice" time="0.301"/>
  <testcase classname="com.spring.aop.AopTest" name="testSchemaAfterThrowingAdvice" time="0.059"/>
  <testcase classname="com.spring.aop.AopTest" name="testAnnotationAfterThrowingAdvice" time="0.032"/>
  <testcase classname="com.spring.aop.AopTest" name="testAnnotationAroundAdvice" time="0.015"/>
  <testcase classname="com.spring.aop.AopTest" name="testSchemaAdvisor" time="0.068"/>
  <testcase classname="com.spring.aop.AopTest" name="testSchemaAfterFinallyAdvice" time="0.058"/>
  <testcase classname="com.spring.aop.AopTest" name="testSchemaIntroduction" time="0.057"/>
  <testcase classname="com.spring.aop.AopTest" name="testAnnotationAfterFinallyAdvice" time="0.02"/>
  <testcase classname="com.spring.aop.AopTest" name="testAnnotationBeforeAdvice" time="0.022"/>
  <testcase classname="com.spring.aop.AopTest" name="testSchemaAfterReturningAdvice" time="0.066"/>
  <testcase classname="com.spring.aop.AopTest" name="testSchemaAroundAdvice" time="0.055"/>
</testsuite>